[    0.0000] Initialin cgrou sbss cpuset
[    0.000000] Initializing cgrop subsys cu[    0000000] Initializig cgroup subsyscpuact
[    0.000000] Linux version 4.4.0-137-generic (buildd@lgw01-amd64-037) (gcc version 5.4.0 20160609 (Ubuntu 5.4.0-6ubuntu1~16.04.10) ) #163-Ubuntu SMP Mon Sep 24 13:14:43 UTC 2018 (Ubuntu 4.4.0-137.163-generic 4.4.144)
[    0.000000] Command line: BOOT_IMAGE=/boot/vmlinuz-4.4.0-17-enric root=LAELcludimg-rootfs ro console=tty1 console=ttyS0
[    0.000000] KERNEL supported cpus:
[    0.000000]   Intel GenuineIntel
[    0.000000]   AMD AuthenticAMD
[    0.00000] Cetaur CentauHals
[    0.000000] x86/fpu: xstate_ofst[]:  57 xtate_sizes[2]:  256
[   .00000] x86/fpu:Supotiing XVEfeature 0x01: 'x87flating point registers'
[    0.000000] x86/fpu: Supporting XSAVE feature 0x02: 'SSE registers'
[    0.000000] x86/fpu: Supporting XSAVE feature 0x04: 'AVX registers'
[    0.000000] x86/fpu: Enabled xstate features 0x7, context size is 832 bytes, using 'standar format.
[    0.000000] e820: BIOS-provided phsial RAM map:
[    0.000000] BIOS-e820: [mem 0x0000000000000000-0x000000000009fbff] usable
[    0.000000] BIOS-e820: [mem 0x000000009fc00-0x000000000009ffff reserved
[   .000000 BOS-e820: [mem 0x0000000000f000-x000000000fff] reered
[    0.000000] BIOS-e820: [mem 0x00000000010000-0x000000003ffeffff] usable
[    0.000000] BIOS-e820: [mem 0x000000003fff0000-0x000000003fffffff] ACPI data
[    0.000000] BIOS-e820: [mem 0x00000000fec00000-0x00000000fec00fff] reserved
[    0.000000] BIOS-e820: [mem 0x00000000fee00000-0x00000000fe0fff] rervd
[    0.000000] BIOS-e820: [mem 0x00000000fffc0000-0x00000000ffffffff] reserved
[    0.000000] NX (Execute Disable) protection: active
[    0.000000] SMBIOS 2.5 preset.
[    0.000000]yprvisor detected: KVM
[    0.000000] e820: last_pfn = 0x3fff0 max_arch_pfn = 0x400000000
[    0.000000] TRR: isabld
[    0.000000] x86/PAT: MTRRs disabled, skipping PAT initialization too.
[    0.000000] CPU MTRRs allblank  vrtualized system.
[    0.000000] x86/PAT: Configuration [0-7 W  WT UC U  WB  WT  UC- UC  
[    0.000000] found SMP MP-tabl a [em 0x0009fff0-0x0009ffff] mapped at [ffff88000009fff0]
[    0.000000] Scanning 1 areas for low memory corruption
[    0.000000] RAMDISK: [mem 0x3630e000-0x3717ef]
[    0.000000] ACPI: Early table checksum verfication disabed
[    0.000000] ACPI: RSDP 0x00000000000E0000 000024 (v02 VBOX  )
[   .00000] CP: XSDT 0x000000003FFF0030 00003C (v01 VBOX   VBOXXSDT 00000001 ASL  00000061)
[    0.000000] ACPI: FACP 0x000000003FFF00F0 000F4(v4 VBOX   VOXAC 00000001 ASL  00000061)
[   .000000] ACPI: DSDT 0x000000003FFF0470 0021FF (v02 VBOX   VBOXBIOS 00000002 INTL 20100528)
[    0.000000] ACPI: FACS 0x000000003FFF0200 000040
[    0.000000] ACP: FACS 0x000003FFF0200 000040
[   .00000] ACPI: APIC 0x00000003FFF0240005C (v02 VBOX   BOAPC 00000001 ASL  00000061)
[   0.000000] API SDT 0x000000003FFF02A0 0001CC (v01 VBOX   VBOXCPUT 00000002 INTL 20100528
   0.000000] No NUMA confiration found
[    0.000000] Faking a node at [mem 0x0000000000000-0x000000003ffeffff]
[    0.00000] OD_DATA(0 aloated [mem 0ffeb000-0x3ffeffff]
[    0.000000] kvm-clock: Using msrs 4b564d01 and 4b564d00
[    0.000000] kvm-clock: cpu 0, msr 0:3ffe3001, primary cpu clock
[    0.000000] kvm-clock: using sched offset of 3599811364 cycles
[    0.000000] clocksource: kvm-clock: mask: 0xffffffffffffffff max_cycles: 0x1cd42e4dfb, max_idle_ns: 881590591483 n
[    0.000000] Zone ranges:
[    0.000000]   DMA      [m 0x0000000000100-0x0000000ffffff]
   0000000]   DMA32    [mem 0x00000000010000-0x00000003ffeffff]
[    0.000000]   Normal   empty
[    0.000000]   Devi   empty    0.000] Movae one start fo echnode
[    0.000000] rl memorynoe anges
[    0.0000]  node  0: me 0x0000000001000-0x000000000009efff]
[    0.000000]   node   0: [mem 0x0000000000100000-0x000000003ffeffff]
[    0.000000] Initmem setup node 0 [mem 0x0000000001000-0x00000003fefff]
[   000000] API:M-Timer IO Port: 0x4008
[    0.000000] IOAPIC[0]: apic_id 2, vesion 32,address 0xfec00000, GSI 0-23
[    0.000000] ACPI INT_SRC_OVR (bus 0 bus_irq 0 gloal_irq 2 dfl dfl)
[    0.000000] ACPI: INT_SRC_OVR (bus 0 bus_irq 9 global_irq 9 low level)
[    0.000000] Using ACPI (MADT) for SMP configuration information
[    0.000000] smpboot: Allowing 2 CPU,  htplugCPUs[    0.00000 P: Regiserd osave memory: [em0x0000000-0x0000ff
[   0.0000] PM: Regstred nosave mmoy:[mem 0x0009f00-x009ffff]
[    0.00000] M:Registerednoav memory: [mem 0x00a00-0x000fff]
[    0.0000 PM: Rgistere nosavmeory: [mem 0x000f00-0x00fffff]
[    0.00000] e820: [mem 0x40000000-0xfebfffff] available for PCI devices
[    0.000000] Booting paravirtualized kernel on KVM
[    0.000000] clocksource: refined-jiffies: mask: 0xffffffff max_cycles: 0xffffffff, max_idle_ns: 7645519600211568 ns
[    0.000000] setup_percpu: NR_CPUS:512 nr_cpumask_bits:512 nr_cpu_ids:2 nr_node_ids:1
[    0.000000] PERCPU: Embedded 34 pages/cpu @fff88003fc00000 s99608 r8192 d31464 u1048576
[    0.000000] PV qspinlock hash table entries: 256 (order: 0, 4096 bytes)
[    0.000000] Buil1 zonelists in Node order, mobility grouping on.  Total pages: 257912
[    0.000000] Policy zone: DMA32
[    0.000000] Kernel command line: BOOOT_IMA=/oot/vmlinuz-44.-17-generic root=LABEL=cloudimg-rootfs ro console=tty1 console=ttyS0
[    0.000000] PID hash table entries: 4096 (order: 3, 32768 bytes)
[    0.000000] Memory: 997716K/1048120K available (8555K kernel code, 1314K rwdata, 4004K odta 1528K init, 131K ss, 50404 reserved0K cmareered)
[    0.000000 SUB:HWalign=64, Order=0-3, MinObjects=0, CPUs=2, Nodes=1
[   .00000] Kernel/User page tables isolatio: nabled
[   .00000] Hierarcicl CU implementatio.[    0.000000] 	Bil-time adjustmentof leaf fanoutto 64.
[   0.000000] 	RCU restricting CPUs from NR_CPUS=512 to nr_cpu_ids=2.
[    000000] RCU: Adusin geomeryfo rcu_fanouleaf=64, nr_cpu_ids=2
[    0.000000] NR_IRQS:33024 nr_irqs:440 16
[    0.000000] Console: colurr VGA+ 80x25
[   0.00000 consol[ty1] enable
[   0.000000]cosoe [ttS0 eabled
[   .00000] tsc: Detected 1599.999 MHz processor
[    7.095578] Calibrating delay loop (skipped) preset value.. 3199.99 BogoMIPS (lpj=6399996)
[    7.141765] pid_max: default: 32768 minimum: 301
[    7.174653] ACPI: Core revision 20150930
[    7.185757] ACPI: 2 ACPI AML tables successfully acquired and loaded
[    7.187591] Security Framework initialized
[    7.222291] Yama: becoming mindful.
[    7.231876] AppArmor: AppArmor initialized
[    7.233564] Dentry cache hash table entries: 131072 (order: 8, 1048576 bytes)
[    7.243758] Inode-cache hash table entries: 65536 (order: 7, 524288 bytes)
[    7.261550] Mount-cache hash table entries: 2048 (order: 2, 16384 bytes)
[    7.302709] Mountpoint-cache hash table entries: 2048 (order: 2, 16384 bytes)
[    7.321874] Initializing cgroup subsys io
[    7.335858] Initializing cgroup subsys memory
[    7.337283] Initializing cgroup subsys devices
[    7.353487] Initializing cgroup subsys freezer
[    7.380859] Initializing cgroup subsys net_cls
[    7.421168] Initializing cgroup subsys perf_event
[    7.439347] Initializing cgroup subsys net_prio
[    7.466449] Initializing cgroup subsys hugetlb
[    7.486201] Initializing cgroup subsys pids
[    7.492172] mce: CPU supports 0 MCE banks
[    7.493395] Last level iTLB entries: 4KB 64, 2MB 8, 4MB 8
[    7.521412] Last level dTLB entries: 4KB 64, 2MB 0, 4MB 0, 1GB 4
[    7.522970] Spectre V2 : Mitigation: Full generic retpoline
[    7.541222] Spectre V2 : Spectre v2 mitigation: Speculation control IBPB not-supported IBRS not-supported
[    7.595146] Spectre V2 : Spectre v2 / SpectreRSB mitigation: Filling RSB on context switch
[    7.611333] Speculative Store Bypass: Vulnerable
[    7.633236] Freeing SMP alternatives memory: 32K
[    7.671977] ftrace: allocating 32265 entries in 127 pages
[    7.769199] smpboot: APIC(0) Converting physical 0 to logical package 0
[    7.778586] smpboot: Max logical packages: 1
[    7.780289] x2apic enabled
[    7.787010] Switched APIC routing to physical x2apic.
[    7.789816] ..TIMER: vector=0x30 apic1=0 pin1=2 apic2=-1 pin2=-1
[    7.909064] smpboot: CPU0: Intel(R) Core(TM) i5-5250U CPU @ 1.60GHz (family: 0x6, model: 0x3d, stepping: 0x4)
[    7.978015] Performance Events: unsupported p6 CPU model 61 no PMU driver, software events only.
[    7.990794] KVM setup paravirtual spinlock
[    7.993125] x86: Booting SMP configuration:
[    8.022090] .... node  #0, CPUs:      #1
[    8.041604] kvm-clock: cpu 1, msr 0:3ffe3041, secondary cpu clock
[    8.043930] mce: CPU supports 0 MCE banks
[    8.046653] x86: Booted up 1 node, 2 CPUs
[    8.055822] smpboot: Total of 2 processors activated (6399.99 BogoMIPS)
[    8.058152] devtmpfs: initialized
[    8.072569] evm: security.selinux
[    8.083544] evm: security.SMACK64
[    8.102388] evm: security.SMACK64EXEC
[    8.114971] evm: security.SMACK64TRANSMUTE
[    8.126170] evm: security.SMACK64MMAP
[    8.142190] evm: security.ima
[    8.149983] evm: security.capability
[    8.166577] clocksource: jiffies: mask: 0xffffffff max_cycles: 0xffffffff, max_idle_ns: 7645041785100000 ns
[    8.198701] futex hash table entries: 512 (order: 3, 32768 bytes)
[    8.218498] pinctrl core: initialized pinctrl subsystem
[    8.239825] RTC time: 14:42:32, date: 10/29/18
[    8.260001] NET: Registered protocol family 16
[    8.294594] cpuidle: using governor ladder
[    8.326161] cpuidle: using governor menu
[    8.328620] PCCT header not found.
[    8.344093] ACPI: bus type PCI registered
[    8.367100] acpiphp: ACPI Hot Plug PCI Controller Driver version: 0.5
[    8.395908] PCI: Using configuration type 1 for base access
[    8.448300] ACPI: Added _OSI(Module Device)
[    8.459864] ACPI: Added _OSI(Processor Device)
[    8.463748] ACPI: Added _OSI(3.0 _SCP Extensions)
[    8.478551] ACPI: Added _OSI(Processor Aggregator Device)
[    8.504699] ACPI: Executed 1 blocks of module-level executable AML code
[    8.534507] ACPI: Interpreter enabled
[    8.544136] ACPI: (supports S0 S5)
[    8.564126] ACPI: Using IOAPIC for interrupt routing
[    8.574532] PCI: Using host bridge windows from ACPI; if necessary, use "pci=nocrs" and report a bug
[    8.612872] ACPI: PCI Root Bridge [PCI0] (domain 0000 [bus 00-ff])
[    8.640530] acpi PNP0A03:00: _OSC: OS supports [ASPM ClockPM Segments MSI]
[    8.659130] acpi PNP0A03:00: _OSC: not requesting OS control; OS requires [ExtendedConfig ASPM ClockPM MSI]
[    8.666327] acpi PNP0A03:00: fail to add MMCONFIG information, can't access extended PCI configuration space under this bridge.
[    8.704983] PCI host bridge to bus 0000:00
[    8.722649] pci_bus 0000:00: root bus resource [io  0x0000-0x0cf7 window]
[    8.746551] pci_bus 0000:00: root bus resource [io  0x0d00-0xffff window]
[    8.768291] pci_bus 0000:00: root bus resource [mem 0x000a0000-0x000bffff window]
[    8.788610] pci_bus 0000:00: root bus resource [mem 0x40000000-0xfdffffff window]
[    8.816537] pci_bus 0000:00: root bus resource [bus 00-ff]
[    8.836766] pci 0000:00:01.1: legacy IDE quirk: reg 0x10: [io  0x01f0-0x01f7]
[    8.856386] pci 0000:00:01.1: legacy IDE quirk: reg 0x14: [io  0x03f6]
[    8.869226] pci 0000:00:01.1: legacy IDE quirk: reg 0x18: [io  0x0170-0x0177]
[    8.879803] pci 0000:00:01.1: legacy IDE quirk: reg 0x1c: [io  0x0376]
[    8.917035] pci 0000:00:07.0: quirk: [io  0x4000-0x403f] claimed by PIIX4 ACPI
[    8.920991] pci 0000:00:07.0: quirk: [io  0x4100-0x410f] claimed by PIIX4 SMB
[    8.946843] ACPI: PCI Interrupt Link [LNKA] (IRQs 5 9 10 *11)
[    8.955325] ACPI: PCI Interrupt Link [LNKB] (IRQs 5 9 *10 11)
[    8.970554] ACPI: PCI Interrupt Link [LNKC] (IRQs 5 *9 10 11)
[    8.998151] ACPI: PCI Interrupt Link [LNKD] (IRQs 5 9 10 *11)
[    9.018801] ACPI: Enabled 2 GPEs in block 00 to 07
[    9.034169] vgaarb: setting as boot device: PCI:0000:00:02.0
[    9.042279] vgaarb: device added: PCI:0000:00:02.0,decodes=io+mem,owns=io+mem,locks=none
[    9.066711] vgaarb: loaded
[    9.087666] vgaarb: bridge control possible 0000:00:02.0
[    9.096514] SCSI subsystem initialized
[    9.102935] ACPI: bus type USB registered
[    9.107893] usbcore: registered new interface driver usbfs
[    9.109673] usbcore: registered new interface driver hub
[    9.130522] usbcore: registered new device driver usb
[    9.157827] PCI: Using ACPI for IRQ routing
[    9.182891] NetLabel: Initializing
[    9.201727] NetLabel:  domain hash size = 128
[    9.202895] NetLabel:  protocols = UNLABELED CIPSOv4
[    9.204242] NetLabel:  unlabeled traffic allowed by default
[    9.212277] amd_nb: Cannot enumerate AMD northbridges
[    9.230893] clocksource: Switched to clocksource kvm-clock
[    9.251976]ApAror AppArmor Filesystem Enabled
[   .4030]pn: nPACI ni
[   .7251]pn: PnP CP: oud  dvices

[   10.029628] clocksource: acpi_pm: mask: 0xffffff max_cycles: 0xffffff, max_idle_ns: 2085701024 ns
[   10.041070] NET: Registered protocol family 2
[   10.047156] TCP established hash table entries: 8192 (order: 4, 65536 bytes)
[   10.053401] TCP bind hash table entries: 8192 (order: 5, 131072 bytes)
[   10.063698] TCP: Hash tables configured (established 8192 bind 8192)
[   10.067578] UDP hash table entries: 512 (order: 2, 16384 bytes)
[   10.071217] UDP-Lite hash table entries: 512 (order: 2, 16384 bytes)
[   10.077260] NET: Registered protocol family 1
[   10.082537] pci 0000:00:00.0: Limiting direct PCI/PCI transfers
[   10.087598] pci 0000:00:01.0: Activating ISA DMA hang workarounds
[   10.091529] Unpacking initramfs...
[   10.387124] Freeing initrd memory: 14788K
[   10.107]RAL MUdeeced AI ni i 2-3 Juls,4 ixd outes 07748240 ms ovfl timer
[   11.141173] hw unit of domain pp0-core 2^-0 Joules
[   11.142508] hw unit of domain package 2^-0 Joules

[   11.143894] hw unit of domain dram 2^-0 Joules
[   11.145257] hw unit of domain pp1-gpu 2^-0 Joules
[   11.146865] platform rtc_cmos: registered platform RTC device (no PNP device found)
[   11.149212] Scanning for low memory corruption every 60 seconds
[   11.172721] audit: initializing netlink subsys (disabled)
[   11.181017] audit: type=2000 audit(1540824151.954:1): initialized
[   11.191509] Initialise system trusted keyring
[   11.204372] HugeTLB registered 2 MB page size, pre-allocated 0 pages
[   11.225794] zbud: loaded
[   11.229689] VFS: Disk quotas dquot_6.6.0
[   11.236794] VFS: Dquot-cache hash table entries: 512 (order 0, 4096 bytes)
[   11.239302] squashfs: version 4.0 (2009/01/31) Phillip Lougher
[   11.243703] fuse init (API version 7.23)
[   11.248764] Key type big_key registered
[  11.271190] AllocatngIM MOK ndblckis kyrins.

[   11.620904] Key type asymmetric registered
[   11.622182] Asymmetric key parser 'x509' registered
[   11.623483] Block layer SCSI generic (bsg) driver version 0.4 loaded (major 249)
[   11.625331] io scheduler noop registered
[   11.626262] io scheduler deadline registered (default)
[   11.633371] io scheduler cfq registered
[   11.663713] pci_hotplug: PCI Hot Plug PCI Core version: 0.5
[   11.669001] pciehp: PCI Express Hot Plug Controller Driver version: 0.4
[   11.671227] ACPI: AC Adapter [AC] (off-line)
[   11.696246] input: Power Button as /devices/LNXSYSTM:00/LNXPWRBN:00/input/input0
[   11.708174] ACPI: Power Button [PWRF]
[   11.709711] input: Sleep Button as /devices/LNXSYSTM:00/LNXSLPBN:00/input/input1
[   11.741092] ACPI: Sleep Button [SLPF]
[   11.743710] ACPI: Battery Slot [BAT0] (batter pesnt

[   11.751179] GHES: HES i nt naled!
[   11.751292] Serial: 8250/16550 driver, 32 ports, IRQ sharing enabled
[   11.897120] 00:02: ttyS0 at I/O 0x3f8 (irq = 4, base_baud = 115200) is a 16550A
[   12.047744] Linux agpgart interface v0.103
[   12.056166] loop: module loaded
[   12.057011] scsi host0: ata_piix
[   12.057118] scsi host1: ata_piix
[   12.057168] ata1: PATA max UDMA/33 cmd 0x1f0 ctl 0x3f6 bmdma 0xd000 irq 14
[   12.057170] ata2: PATA max UDMA/33 cmd 0x170 ctl 0x376 bmdma 0xd008 irq 15
[   12.057299] libphy: Fixed MDIO Bus: probed
[   12.057302] tun: Universal TUN/TAP device driver, 1.6
[   12.057303] tun: (C) 1999-2004 Max Krasnyansky <maxk@qualcomm.com>
[   12.057414] PPP generic driver version 2.4.2
[   12.057503] ehci_hcd: USB 2.0 'Enhanced' Host Controller (EHCI) Driver
[   12.057510] ehci-pci: EHCI PCI platform driver
[   12.057534] ehci-platform: EHCI generic platform driver
[   12.057548] ohci_hcd: USB 1.1 'Open' Host Controller (OHCI) Driver
[   12.057553] ohci-pci: OHCI PCI platform driver
[   12.057567] ohci-platform: OHCI generic platform driver
[   12.057579] uhci_hcd: USB Universal Host Controller Interface driver
[   12.057684] i8042: PNP: PS/2 Controller [PNP0303:PS2K,PNP0f03:PS2M] at 0x60,0x64 irq 1,12
[   12.061464] serio: i8042 KBD port at 0x60,0x64 irq 1
[   12.061474] serio: i8042 AUX port at 0x60,0x64 irq 12
[   12.061747] mousedev: PS/2 mouse device common for all mice
[   12.062275] rtc_cmos rtc_cmos: rtc core: registered rtc_cmos as rtc0
[   12.062392] rtc_cmos rtc_cmos: alarms up to one day, 114 bytes nvram
[   12.062406] i2c /dev entries driver
[   12.062493] device-mapper: uevent: version 1.0.3
[   12.062586] device-mapper: ioctl: 4.34.0-ioctl (2015-10-28) initialised: dm-devel@redhat.com
[   12.062613] ledtrig-cpu: registered to indicate activity on CPUs
[   12.063195] NET: Registered protocol family 10
[   12.063434] NET: Registered protocol family 17
[   12.063448] Key type dns_resolver registered
[   12.063950] registered taskstats version 1
[   12.063977] Loading compiled-in X.509 certificates
[   12.065083] Loaded X.509 cert 'Build time autogenerated kernel key: 20acc96b50ca7641011eace69d32209215a9b56f'
[   12.065122] zswap: loaded using pool lzo/zbud
[   12.067939] Key type trusted registered
[   12.072852] Key type encrypted registered
[   12.072863] AppArmor: AppArmor sha1 policy hashing enabled
[   12.072867] ima: No TPM chip found, activating TPM-bypass!
[   12.072878] ima: Allocated hash algorithm: sha1
[   12.072898] evm: HMAC attrs: 0x1
[   12.073373]   Magic number: 6:374:739
[   12.079725] rtc_cmos rtc_cmos: setting system clock to 2018-10-29 14:42:36 UTC (1540824156)
[   12.079975] BIOS EDD facility v0.16 2004-Jun-25, 0 devices found
[   12.079975] EDD information not available.
[   12.144630] input: AT Translated Set 2 keyboard as /devices/platform/i8042/serio0/input/input2
[   12.636429] tsc: Refined TSC clocksource calibration: 1600.312 MHz
[   12.636432] clocksource: tsc: mask: 0xffffffffffffffff max_cycles: 0x17114bb00d9, max_idle_ns: 440795266818 ns
[   12.686515] Freeing unused kernel memory: 1528K
[   12.723376] Write protecting the kernel read-only data: 14336k
[   12.776318] Freeing unused kernel memory: 1672K
[   12.782581] Freeing unused kernel memory: 92K
Loading, please wait...
starting version[   12.800238] random: systemd-udevd: uninitialized urandom read (16 bytes read, 5 bits of entropy available)
 229
[   12.801023] random: udevadm: uninitialized urandom read (16 bytes read, 5 bits of entropy available)
[   12.801049] random: udevadm: uninitialized urandom read (16 bytes read, 5 bits of entropy available)
[   12.809772] random: udevadm: uninitialized urandom read (16 bytes read, 5 bits of entropy available)
[   12.809821] random: udevadm: uninitialized urandom read (16 bytes read, 5 bits of entropy available)
[   12.809965] random: udevadm: uninitialized urandom read (16 bytes read, 5 bits of entropy available)
[   12.810018] random: udevadm: uninitialized urandom read (16 bytes read, 5 bits of entropy available)
[   12.810069] random: udevadm: uninitialized urandom read (16 bytes read, 5 bits of entropy available)
[   12.810124] random: udevadm: uninitialized urandom read (16 bytes read, 5 bits of entropy available)
[   12.810173] random: udevadm: uninitialized urandom read (16 bytes read, 5 bits of entropy available)
[   13.073904] e1000: Intel(R) PRO/1000 Network Driver - version 7.3.21-k8-NAPI
[   13.077294] e1000: Copyright (c) 1999-2006 Intel Corporation.
[   13.081167] Fusion MPT base driver 3.04.20
[   13.113992] Copyright (c) 1999-2008 LSI Corporation
[   13.135849] Fusion MPT SPI Host driver 3.04.20
[   13.145975] AVX2 version of gcm_enc/dec engaged.
[   13.147345] AES CTR mode by8 optimization enabled
[   13.332025] input: ImExPS/2 Generic Explorer Mouse as /devices/platform/i8042/serio1/input/input4
[   13.485040] e1000 0000:00:03.0 eth0: (PCI:33MHz:32-bit) 02:28:89:27:00:51
[   13.493551] e1000 0000:00:03.0 eth0: Intel(R) PRO/1000 Network Connection
[   13.562346] mptbase: ioc0: Initiating bringup
[   13.627775] ioc0: LSI53C1030 A0: Capabilities={Initiator}
[   13.850205] scsi host2: ioc0: LSI53C1030 A0, FwRev=00000000h, Ports=1, MaxQ=256, IRQ=20
[   13.964919] scsi 2:0:0:0: Direct-Access     VBOX     HARDDISK         1.0  PQ: 0 ANSI: 5
[   14.056216] scsi target2:0:0: Beginning Domain Validation
[   14.070670] scsi target2:0:0: Domain Validation skipping write tests
[   14.072035] scsi target2:0:0: Ending Domain Validation
[   14.073300] scsi target2:0:0: asynchronous
[   14.154718] scsi 2:0:1:0: Direct-Access     VBOX     HARDDISK         1.0  PQ: 0 ANSI: 5
[   14.157911] scsi target2:0:1: Beginning Domain Validation
[   14.160418] scsi target2:0:1: Domain Validation skipping write tests
[   14.162227] scsi target2:0:1: Ending Domain Validation
[   14.163822] scsi target2:0:1: asynchronous
[   14.239857] sd 2:0:0:0: Attached scsi generic sg0 type 0
[   14.241484] sd 2:0:0:0: [sda] 20971520 512-byte logical blocks: (10.7 GB/10.0 GiB)
[   14.244358] sd 2:0:1:0: Attached scsi generic sg1 type 0
[   14.245950] sd 2:0:1:0: [sdb] 20480 512-byte logical blocks: (10.5 MB/10.0 MiB)
[   14.248999] sd 2:0:0:0: [sda] Write Protect is off
[   14.250465] sd 2:0:1:0: [sdb] Write Protect is off
[   14.252213] sd 2:0:0:0: [sda] Incomplete mode parameter data
[   14.253890] sd 2:0:0:0: [sda] Assuming drive cache: write through
[   14.255658] sd 2:0:1:0: [sdb] Incomplete mode parameter data
[   14.257303] sd 2:0:1:0: [sdb] Assuming drive cache: write through
[   14.262184]  sda: sda1
[   14.263865] sd 2:0:1:0: [sdb] Attached SCSI disk
[   14.265509] sd 2:0:0:0: [sda] Attached SCSI disk
[   14.503272] e1000 0000:00:08.0 eth1: (PCI:33MHz:32-bit) 08:00:27:02:96:91
[   14.505235] e1000 0000:00:08.0 eth1: Intel(R) PRO/1000 Network Connection
[   14.508272] e1000 0000:00:03.0 enp0s3: renamed from eth0
[   14.519619] e1000 0000:00:08.0 enp0s8: renamed from eth1
Begin: Loading e[   15.951267] md: linear personality registered for level -1
ssential drivers ... [   15.981749] md: multipath personality registered for level -4
[   16.011466] md: raid0 personality registered for level 0
[   16.017758] md: raid1 personality registered for level 1
[   16.106919] raid6: sse2x1   gen()  7661 MB/s
[   16.199453] raid6: sse2x1   xor()  5916 MB/s
[   16.275164] raid6: sse2x2   gen() 10343 MB/s
[   16.347033] raid6: sse2x2   xor()  6782 MB/s
[   16.439122] raid6: sse2x4   gen() 11841 MB/s
[   16.507375] raid6: sse2x4   xor()  7764 MB/s
[   16.595090] raid6: avx2x1   gen() 16297 MB/s
[   16.662928] raid6: avx2x2   gen() 16070 MB/s
[   16.743401] raid6: avx2x4   gen() 19993 MB/s
[   16.751389] raid6: using algorithm avx2x4 gen() 19993 MB/s
[   16.752833] raid6: using avx2x2 recovery algorithm
[   16.755935] xor: automatically using best checksumming function:
[   16.802933]    avx       : 11930.000 MB/sec
[   16.811101] async_tx: api initialized (async)
[   16.835839] md: raid6 personality registered for level 6
[   16.875690] md: raid5 personality registered for level 5
[   16.918120] md: raid4 personality registered for level 4
[   16.949832] md: raid10 personality registered for level 10
done.
Begin: Running /scripts/init-premount ... done.
Begin: Mounting root file system ... Begin: Running /scripts/local-top ... done.
Begin: Running /scripts/local-premount ... [   16.991096] Btrfs loaded
Scanning for Btrfs filesystems
done.
Warning: fsck not present, so skipping root file[   17.088397] EXT4-fs (sda1): mounted filesystem with ordered data mode. Opts: (null)
 system
done.
Begin: Running /scripts/local-bottom ... done.
Begin: Running /scripts/init-bottom ... done.
[   17.408866] systemd[1]: systemd 229 running in system mode. (+PAM +AUDIT +SELINUX +IMA +APPARMOR +SMACK +SYSVINIT +UTMP +LIBCRYPTSETUP +GCRYPT +GNUTLS +ACL +XZ -LZ4 +SECCOMP +BLKID +ELFUTILS +KMOD -IDN)
[   17.484700] systemd[1]: Detected virtualization oracle.
[   17.501426] systemd[1]: Detected architecture x86-64.

Welcome to [1mUbuntu 16.04.5 LTS[0m!

[   17.633347] systemd[1]: Set hostname to <ubuntu>.
[   17.656188] systemd[1]: Initializing machine ID from random generator.
[   17.699686] systemd[1]: Installed transient /etc/machine-id file.
[ 1827308] systemd[1]: Listenig n udev ControSoke. [[0;32m  OK  [0m] Listening on udev Control Socket.
[  1.6340]syted[1]: Reachedtage Uerand Group Name Lookups.
[[0;32m  OK  [0m] Reached target User and Group Name Lookups.
[   19.012845] systemd[1]: Listening on LVM2 poll daemon socket.
[[0;32m  OK  [0m] Listening on LVM2 poll daemon socket.
[   19.42767] systemd[1]: Listening on JuralSoket.
[[0;32m  OK  [0m] Listening on Journal Socket.
[  1.6640]syted[]: Started Forward Password Reqess o al Decor Watch.
[[0;32m  OK  [0m] Started Forward Password Requests to Wall Directory Watch.
[  20.431091]ysem[1: istening on udev Kernel Socket.
[[0;32m  OK  [0m] Listening on udev Kernel Socket.
[  20.671406] systemd[1]: Created slice User and Session Slice.
[[0;32m  OK  [0m] Created slice User and Session Slice.
[   20.702009] systemd[1]: Reached target Encrypted Volumes.
[[0;32m  OK  [0m] Reached target Encrypted Volumes.
[   20.705656] systemd[1]: Listening on /dev/initctl Compatibility Named Pipe.
[[0;32m  OK  [0m] Listening on /dev/initctl Compatibility Named Pipe.
[   20.709794] systemd[1]: Listening on Journal Socket (/dev/log).
[[0;32m  OK  [0m] Listening on Journal Socket (/dev/log).
[   20.713445] systemd[1]: Listening on Device-mapper event daemon FIFOs.
[[0;32m  OK  [0m] Listening on Device-mapper event daemon FIFOs.
[   20.879709] systemd[1]: Reached target Swap.
[[0;32m  OK  [0m] Reached target Swap.
[   20.884405] systemd[1]: Listening on LVM2 metadata daemon socket.
[[0;32m  OK  [0m] Listening on LVM2 metadata daemon socket.
[   20.888476] systemd[1]: Set up automount Arbitrary Executable File Formats File System Automount Point.
[[0;32m  OK  [0m] Set up automount Arbitrary Executab...ats File System Automount Point.
[   20.893733] systemd[1]: Listening on Syslog Socket.
[[0;32m  OK  [0m] Listening on Syslog Socket.
[   20.897606] systemd[1]: Started Trigger resolvconf update for networkd DNS.
[[0;32m  OK  [0m] Started Trigger resolvconf update for networkd DNS.
[   20.901818] systemd[1]: Listening on Journal Audit Socket.
[[0;32m  OK  [0m] Listening on Journal Audit Socket.
[   20.905568] systemd[1]: Reached target System Time Synchronized.
[[0;32m  OK  [0m] Reached target System Time Synchronized.
[   20.909840] systemd[1]: Created slice System Slice.
[[0;32m  OK  [0m] Created slice System Slice.
[   20.923515] systemd[1]: Starting Create list of required static device nodes for the current kernel...
[   20.926891] random: nonblocking pool is initialized
         Starting Create list of required st... nodes for the current kernel...
[   20.940862] systemd[1]: Starting Load Kernel Modules...
         Starting Load Kernel Modules...
[   20.946745] systemd[1]: Mounting POSIX Message Queue File System...
         Mounting POSIX Message Queue File System...
[   20.953125] systemd[1]: Starting Journal Service...
         Starting Journal Service...
[   20.957866] systemd[1]: Starting Monitoring of LVM2 mirrors, snapshots etc. using dmeventd or progress polling...
         Starting Monitoring of LVM2 mirrors... dmeventd or progress polling...
[   20.964588] systemd[1]: Starting Nameserver information manager...
         Starting Nameserver information manager...
[   20.972480] systemd[1]: Mounting Huge Pages File System...
[   20.980427] Loading iSCSI transport class v2.0-870.
         Mounting Huge Pages File System...
[   20.985345] systemd[1]: Starting Set console keymap...
         Starting Set console keymap...
[   20.993699] systemd[1]: Created slice system-serial\x2dgetty.slice.
[[0;32m  OK  [0m] Created slice system-serial\x2dgetty.slice.
[   21.014631] iscsi: registered transport (tcp)
[   21.023382] systemd[1]: Starting Remount Root and Kernel File Systems...
         Starting Remount Root and Kernel File Systems...
[   21.032791] systemd[1]: Starting Uncomplicated firewall...
[   21.033593] EXT4-fs (sda1): re-mounted. Opts: (null)
         Starting Uncomplicated firewall...
[   21.040916] systemd[1]: Reached target Slices.
[[0;32m  OK  [0m] Reached target Slices.
[   21.087123] systemd[1]: Mounting Debug File System...
         Mounting Debug File System...
[   21.111390] systemd[1]: Mounted Debug File System.
[[0;32m  OK  [0m] Mounted Debug File System.
[   21.131179] systemd[1]: Mounted POSIX Message Queue File System.
[[0;32m  OK  [0m] Mounted POSIX Message Queue File System.
[   21.150482] iscsi: registered transport (iser)
[   21.181129] systemd[1]: Mounted Huge Pages File System.
[[0;32m  OK  [0m] Mounted Huge Pages File System.
[   21.184350] systemd[1]: Started Journal Service.
[[0;32m  OK  [0m] Started Journal Service.
[[0;32m  OK  [0m] Started Create list of required sta...ce nodes for the current kernel.
[[0;32m  OK  [0m] Started Load Kernel Modules.
[[0;32m  OK  [0m] Started Set console keymap.
[[0;32m  OK  [0m] Started Remount Root and Kernel File Systems.
[[0;32m  OK  [0m] Started Uncomplicated firewall.
[[0;32m  OK  [0m] Started Nameserver information manager.
[[0;32m  OK  [0m] Started LVM2 metadata daemon.
         Starting Load/Save Random Seed...
         Starting udev Coldplug all Devices...
         Mounting FUSE Control File System...
         Starting Apply Kernel Variables...
         Starting Create Static Device Nodes in /dev...
         Starting Flush Journal to Persistent Storage...
[[0;32m  OK  [0m] Mounted FUSE Control File System.
[[0;32m  OK  [0m] Started Load/Save Random Seed.
[[0;32m  OK  [0m] Started Apply Kernel Variables.
[[0;32m  OK  [0m] Started Create Static Device Nodes in /dev.
[[0;32m  OK  [0m] Started udev Coldplug all Devices.
         Starting udev Kernel Device Manager...
[[0;32m  OK  [0m] Started Flush Journal to Persistent Storage.
[[0;32m  OK  [0m] Started Monitoring of LVM2 mirrors,...ng dmeventd or progress polling.
[[0;32m  OK  [0m] Started udev Kernel Device Manager.
[[0;32m  OK  [0m] Started Dispatch Password Requests to Console Directory Watch.
[[0;32m  OK  [0m] Reached target Local File Systems (Pre).
[[0;32m  OK  [0m] Reached target Local File Systems.
         Starting Create Volatile Files and Directories...
         Starting Set console font and keymap...
         Starting Tell Plymouth To Write Out Runtime Data...
         Starting Commit a transient machine-id on disk...
         Starting Initial cloud-init job (pre-networking)...
         Starting LSB: AppArmor initialization...
[[0;32m  OK  [0m] Started Create Volatile Files and Directories.
[[0;32m  OK  [0m] Started Tell Plymouth To Write Out Runtime Data.
         Starting Update UTMP about System Boot/Shutdown...
[[0;32m  OK  [0m] Started Commit a transient machine-id on disk.
[[0;32m  OK  [0m] Found device /dev/ttyS0.
[[0;32m  OK  [0m] Started Update UTMP about System Boot/Shutdown.
[[0;32m  OK  [0m] Listening on Load/Save RF Kill Switch Status /dev/rfkill Watch.
[[0;32m  OK  [0m] Started LSB: AppArmor initialization.
[[0;32m  OK  [0m] Started Set console font and keymap.
[[0;32m  OK  [0m] Created slice system-getty.slice.
[   15.648521] cloud-init[495]: Cloud-init v. 18.3-9-g2e62cb8a-0ubuntu1~16.04.2 running 'init-local' at Mon, 29 Oct 2018 14:42:48 +0000. Up 15.12 seconds.
[[0;32m  OK  [0m] Started Initial cloud-init job (pre-networking).
[[0;32m  OK  [0m] Reached target Network (Pre).
         Starting Raise network interfaces...
[[0;32m  OK  [0m] Started Raise network interfaces.
[[0;32m  OK  [0m] Reached target Network.
         Starting Initial cloud-init job (metadata service crawler)...
[   17.877857] cloud-init[939]: Cloud-init v. 18.3-9-g2e62cb8a-0ubuntu1~16.04.2 running 'init' at Mon, 29 Oct 2018 14:42:49 +0000. Up 16.48 seconds.
[   17.949423] cloud-init[939]: ci-info: +++++++++++++++++++++++++++++++++++++Net device info++++++++++++++++++++++++++++++++++++++
[   17.950122] cloud-init[939]: ci-info: +--------+-------+--------------------------+---------------+--------+-------------------+
[[0;32m  OK  [0m] Started Initial cloud-init job (metadata service crawler).
[   17.950674] cloud-init[939]: ci-info: | Device |   Up  |         Address          |      Mask     | Scope  |     Hw-Address    |
[   18.206272] cloud-init[939]: ci-info: +--------+-------+--------------------------+---------------+--------+-------------------+
[   18.206825] cloud-init[939]: ci-info: | enp0s3 |  True |        10.0.2.15         | 255.255.255.0 | global | 02:28:89:27:00:51 |
[   18.208738] cloud-init[939]: ci-info: | enp0s3 |  True | fe80::28:89ff:fe27:51/64 |       .       |  link  | 02:28:89:27:00:51 |
[   18.209783] cloud-init[939]: ci-info: | enp0s8 | False |            .             |       .       |   .    | 08:00:27:02:96:91 |
[   18.210176] cloud-init[939]: ci-info: |   lo   |  True |        127.0.0.1         |   255.0.0.0   |  host  |         .         |
[[0;32m  OK  [0m] Reached target Cloud-config availability.
[[   18.210448] cloud-init[939]: ci-info: |   lo   |  True |         ::1/128          |       .       |  host  |         .         |
[   18.260181] cloud-init[939]: ci-info: +--------+-------+--------------------------+---------------+--------+-------------------+
[   18.260356] cloud-init[939]: ci-info: +++++++++++++++++++++++++++Route IPv4 info++++++++++++++++++++++++++++
[   18.260581] cloud-init[939]: ci-info: +-------+-------------+----------+---------------+-----------+-------+
[   18.260823] cloud-init[939]: ci-info: | Route | Destination | Gateway  |    Genmask    | Interface | Flags |
[   18.261059] cloud-init[939]: ci-info: +-------+-------------+----------+---------------+-----------+-------+
[   18.261296] cloud-init[939]: ci-info: |   0   |   0.0.0.0   | 10.0.2.2 |    0.0.0.0    |   enp0s3  |   UG  |
[   18.261538] cloud-init[939]: ci-info: |   1   |   10.0.2.0  | 0.0.0.0  | 255.255.255.0 |   enp0s3  |   U   |
[   18.261780] cloud-init[939]: ci-info: +-------+-------------+----------+---------------+-----------+-------+
[   18.262014] cloud-init[939]: ci-info: +++++++++++++++++++Route IPv6 info+++++++++++++++++++
[   18.262253] cloud-init[939]: ci-info: +-------+-------------+---------+-----------+-------+
[   18.262498] cloud-init[939]: ci-info: | Route | Destination | Gateway | Interface | Flags |
[   18.262738] cloud-init[939]: ci-info: +-------+-------------+---------+-----------+-------+
[   18.262976] cloud-init[939]: ci-info: |   0   |  fe80::/64  |    ::   |   enp0s3  |   U   |
[   18.263256] cloud-init[939]: ci-info: |   3   |   ff00::/8  |    ::   |   enp0s3  |   U   |
[   18.263466] cloud-init[939]: ci-info: +-------+-------------+---------+-----------+-------+
[0;32m  OK  [0m] Reached target Network is Online.
[   18.263724] cloud-init[939]: Generating public/private rsa key pair.
[   18.626754] cloud-init[939]: Your identification has been saved in /etc/ssh/ssh_host_rsa_key.
         Starting iSCSI initiator daemon (iscsid)...
[   18.649570] cloud-init[939]: Your public key has been saved in /etc/ssh/ssh_host_rsa_key.pub.
[   18.672978] cloud-init[939]: The key fingerprint is:
[[0;32m  OK  [0m] Reached target System Initialization.
[   18.673343] cloud-init[939]: SHA256:agM6ecqgGcfzvtidgW1dOTOjV9W5VvWbR7YeptpUioU root@ubuntu-xenial
[[0;32m  OK  [0m] Started Daily apt download activities.
[   18.753504] cloud-init[939]: The key's randomart image is:
[   18.754170] cloud-init[939]: +---[RSA 2048]----+
[[0;32m  OK  [0m] Started Daily apt upgrade and clean activities.
[   18.754323] cloud-init[939]: |                .|
[   18.841968] cloud-init[939]: |               .+|
[   18.842434] cloud-init[939]: |              ..*|
         Starting LXD - unix socket.
[[   18.842655] cloud-init[939]: |           ... o*|
[   18.864925] cloud-init[939]: |    .   S BE.. X.|
[0;32m  OK  [0m] Listening on D-Bus System Message Bus Socket.
         [   18.865348] Starting Socket activation for snappy daemon.cloud-init
[939]: | . o + o o *o B o|
[   18.942550] cloud-init[939]: |o B o B o .. + . |
[   18.942953] cloud-init[939]: |.* O + + .  +    |
[   18.943855] cloud-init[939]: |o +.=.o    . .   |
[   18.944478] cloud-init[939]: +----[SHA256]-----+
[   18.944858] cloud-init[939]: Generating public/private dsa key pair.
[   18.945260] cloud-init[939]: Your identification has been saved in /etc/ssh/ssh_host_dsa_key.
[   18.945661] cloud-init[939]: Your public key has been saved in /etc/ssh/ssh_host_dsa_key.pub.
[   18.946095] cloud-init[939]: The key fingerprint is:
[[0;32m  OK  [0m] Listening on ACPID Listen Socket.
[   18.946609] cloud-init[939]: SHA256:AcyZ4oDOdzoWhATldB/fV3g58BniDndkAouBnI4SW2k root@ubuntu-xenial
[   18.990713] cloud-init[939]: The key's randomart image is:
[[0;32m  OK  [0m] Started Daily Cleanup of Temporary Directories.
[[   18.991024] cloud-init[939]: +---[DSA 1024]----+
[   19.066742] cloud-init[939]: |+++ .=o=. ..+o=. |
[0;32m  OK  [0m] Listening on UUID daemon activation socket.
[   19.067054] cloud-init[939]: |.+ooE.O+ + o.B+o |
[   19.145103] cloud-init[939]: |o oB +. + + +.+. |
[   19.145544] cloud-init[939]: | oooo..  . = .   |
[[0;32m  OK  [0m] Started ACPI Events Check.
[   19.145979] cloud-init[939]: |  ..+   S   .    |
[   19.167764] cloud-init[939]: |   +             |
[   19.167920] cloud-init[939]: |  . .            |
[   19.168373] cloud-init[939]: |                 |
[   19.168615] cloud-init[939]: |                 |
[   19.168823] cloud-init[939]: +----[SHA256]-----+
[   19.169049] cloud-init[939]: Generating public/private ecdsa key pair.
[   19.169277] cloud-init[939]: Your identification has been saved in /etc/ssh/ssh_host_ecdsa_key.
[   19.169504] cloud-init[939]: Your public key has been saved in /etc/ssh/ssh_host_ecdsa_key.pub.
[   19.169732] cloud-init[939]: The key fingerprint is:
[   19.169959] cloud-init[939]: SHA256:BU+w775hkXBTzmZ/94cUVbbcjHrnN4bU8Y2EP/L+SzI root@ubuntu-xenial
[   19.170212] cloud-init[939]: [The key's randomart image is:[0;32m  OK  [0m
] Reached target Paths.
[[0;32m  OK  [0m[   19.171117] ] cloud-initReached target Timers.[939]: 
+---[ECDSA 256]---+
[   19.284402] cloud-init[939]: |        o.. .   =|
[   19.284791] cloud-init[939]: |         = + ..=o|
[   19.285313] cloud-init[939]: |        o = * ++o|
[   19.285802] cloud-init[939]: |         = = =.o+|
[   19.286370] cloud-init[939]: |        S + o.B.*|
[[0;32m  OK  [0m] Listening on LXD - unix socket.
[[   19.286680] cloud-init[939]: |         . ..=.*o|
[   19.312803] cloud-init[939]: |          +  Eo+=|
[   19.313310] cloud-init[939]: |         o . .= +|
[   19.313545] cloud-init[939]: |          o.  .oo|
[   19.313814] cloud-init[939]: +----[SHA256]-----+
[   19.314087] cloud-init[939]: Generating public/private ed25519 key pair.
[   19.314325] cloud-init[939]: Your identification has been saved in /etc/ssh/ssh_host_ed25519_key.
[   19.314575] cloud-init[939]: Your public key has been saved in /etc/ssh/ssh_host_ed25519_key.pub.
[   19.314821] cloud-init[939]: The key fingerprint is:
[   19.315073] cloud-init[939]: SHA256:CZ1fZUPGWNtIGGf8sDsKsWvdG++oaztaENTeBVvsh9g root@ubuntu-xenial
[   19.315324] cloud-init[939]: The key's randomart image is:
[   19.315571] cloud-init[939]: +--[ED25519 256]--+
[   19.315825] cloud-init[939]: |          ...O%o.|
[   19.316369] cloud-init[939]: |       . o  +B+Bo|
[   19.317156] cloud-init[939]: |      . o ...++B.|
[0;32m  OK  [0m] Listening on Socket activation for snappy daemon.
[[   19.317369] cloud-init[939]: |       . o.oo E +|
[   19.573297] cloud-init[939]: |        S oo   ..|
[   19.573498] cloud-init[939]: |          o.  o  |
[   19.573732] cloud-init[939]: |           +.o.. |
[   19.573970] cloud-init[939]: |          o.= .+ |
[0;32m  OK  [0m] Started iSCSI initiator daemon (iscsid).
[   19.574211] cloud-init[939]: |         ..o+=ooo|
[   19.605367] cloud-init[939]: +----[SHA256]-----+
         Starting Login to default iSCSI targets...
[[0;32m  OK  [0m] Reached target Sockets.
[[0;32m  OK  [0m] Reached target Basic System.
[[0;32m  OK  [0m] Started Deferred execution scheduler.
[[0;32m  OK  [0m] Started Regular background program processing daemon.
         Starting Accounts Service...
         Starting System Logging Service...
         Starting Login Service...
         Starting LSB: Record successful boot for GRUB...
[[0;32m  OK  [0m] Started FUSE filesystem for LXC.
         Starting Pollinate to seed the pseudo random number generator...
         Starting /etc/rc.local Compatibility...
         Starting Virtualbox guest utils...
         Starting Snappy daemon...
[[0;32m  OK  [0m] Started ACPI event daemon.
[[0;32m  OK  [0m] Started D-Bus System Message Bus.
[[0;32m  OK  [0m] Started Unattended Upgrades Shutdown.
         Starting LSB: MD monitoring daemon...
         Starting LXD - container startup/shutdown...
[[0;32m  OK  [0m] Started System Logging Service.
[[0;32m  OK  [0m] Started /etc/rc.local Compatibility.
[[0;32m  OK  [0m] Started Login to default iSCSI targets.
[[0;32m  OK  [0m] Started LSB: Record successful boot for GRUB.
[[0;32m  OK  [0m] Started Login Service.
         Starting Authenticate and Authorize Users to Run Privileged Tasks...
[[0;32m  OK  [0m] Reached target Remote File Systems (Pre).
[[0;32m  OK  [0m] Reached target Remote File Systems.
         Starting Permit User Sessions...
         Starting LSB: daemon to balance interrupts for SMP systems...
         Starting LSB: automatic crash report generation...
         Starting LSB: Set the CPU Frequency Scaling governor to "ondemand"...
[[0;32m  OK  [0m] Started Snappy daemon.
[[0;32m  OK  [0m] Started LSB: MD monitoring daemon.
[[0;32m  OK  [0m] Started LXD - container startup/shutdown.
[[0;32m  OK  [0m] Started Permit User Sessions.
[[0;32m  OK  [0m] Started Authenticate and Authorize Users to Run Privileged Tasks.
[[0;32m  OK  [0m] Started Pollinate to seed the pseudo random number generator.
[[0;32m  OK  [0m] Started Virtualbox guest utils.
[[0;32m  OK  [0m] Started Accounts Service.
         Starting OpenBSD Secure Shell server...
         Starting Terminate Plymouth Boot Screen...
         Starting Hold until boot process finishes up...
         Starting Wait until snapd is fully seeded...
[[0;32m  OK  [0m] Started LSB: daemon to balance interrupts for SMP systems.
[[0;32m  OK  [0m] Started LSB: Set the CPU Frequency Scaling governor to "ondemand".
[[0;32m  OK  [0m] Started LSB: automatic crash report generation.
[[0;32m  OK  [0m] Started Terminate Plymouth Boot Screen.
[[0;32m  OK  [0m] Started Hold until boot process finishes up.
[[0;32m  OK  [0m] Started OpenBSD Secure Shell server.
         Starting Set console scheme...
[[0;32m  OK  [0m] Started Serial Getty on ttyS0.
[[0;32m  OK  [0m] Started Getty on tty1.
[[0;32m  OK  [0m] Reached target Login Prompts.
[[0;32m  OK  [0m] Started Set console scheme.
[[0;32m  OK  [0m] Created slice User Slice of vagrant.
         Starting User Manager for UID 1000...
[[0;32m  OK  [0m] Started Session 1 of user vagrant.
[[0;32m  OK  [0m] Started User Manager for UID 1000.
[[0;32m  OK  [0m] Started Wait until snapd is fully seeded.
[[0;32m  OK  [0m] Reached target Multi-User System.
[[0;32m  OK  [0m] Reached target Graphical Interface.
         Starting Update UTMP about System Runlevel Changes...
         Starting Apply the settings specified in cloud-config...
[[0;32m  OK  [0m] Started Update UTMP about System Runlevel Changes.
         Stopping User Manager for UID 1000...
[[0;32m  OK  [0m] Stopped User Manager for UID 1000.
[[0;32m  OK  [0m] Removed slice User Slice of vagrant.
[[0;32m  OK  [0m] Created slice User Slice of vagrant.
         Starting User Manager for UID 1000...
[[0;32m  OK  [0m] Started Session 2 of user vagrant.
[[0;32m  OK  [0m] Started User Manager for UID 1000.
[   23.800171] cloud-init[1457]: Generating locales (this might take a while)...
[   24.991511] cloud-init[1457]:   en_US.UTF-8... done
[   24.996631] cloud-init[1457]: Generation complete.
[   25.816489] cloud-init[1457]: Cloud-init v. 18.3-9-g2e62cb8a-0ubuntu1~16.04.2 running 'modules:config' at Mon, 29 Oct 2018 14:42:56 +0000. Up 23.60 seconds.
[[0;32m  OK  [0m] Started Apply the settings specified in cloud-config.
         Starting Execute cloud user/final scripts...
ci-info: no authorized ssh keys fingerprints found for user ubuntu.
<14>Oct 29 14:42:59 ec2: 
<14>Oct 29 14:42:59 ec2: #############################################################
<14>Oct 29 14:42:59 ec2: -----BEGIN SSH HOST KEY FINGERPRINTS-----
<14>Oct 29 14:42:59 ec2: 1024 SHA256:AcyZ4oDOdzoWhATldB/fV3g58BniDndkAouBnI4SW2k root@ubuntu-xenial (DSA)
<14>Oct 29 14:42:59 ec2: 256 SHA256:BU+w775hkXBTzmZ/94cUVbbcjHrnN4bU8Y2EP/L+SzI root@ubuntu-xenial (ECDSA)
<14>Oct 29 14:42:59 ec2: 256 SHA256:CZ1fZUPGWNtIGGf8sDsKsWvdG++oaztaENTeBVvsh9g root@ubuntu-xenial (ED25519)
<14>Oct 29 14:42:59 ec2: 2048 SHA256:agM6ecqgGcfzvtidgW1dOTOjV9W5VvWbR7YeptpUioU root@ubuntu-xenial (RSA)
<14>Oct 29 14:42:59 ec2: -----END SSH HOST KEY FINGERPRINTS-----
<14>Oct 29 14:42:59 ec2: #############################################################
-----BEGIN SSH HOST KEY KEYS-----
ecdsa-sha2-nistp256 AAAAE2VjZHNhLXNoYTItbmlzdHAyNTYAAAAIbmlzdHAyNTYAAABBBC5EFhwKnUuRqoVTHDn0WkhSsNNUfU/2QfeyFjdiRekzRGZ8fufvgSTH94UKr7FwK9zFW7T/UXa2DxdmZSPJJAw= root@ubuntu-xenial
ssh-ed25519 AAAAC3NzaC1lZDI1NTE5AAAAICh6dEUNXTB3L9zLYWgD4OYKER9B0fKXm5X5iWcGmdGj root@ubuntu-xenial
ssh-rsa AAAAB3NzaC1yc2EAAAADAQABAAABAQDwKsxvSuvzzf2q8MjZTVFHoyX2bZIjhzxdInwYeGe3lqohXFV1SjHomWpebRqAW1BLhHkFPlM7QwLxNOJqplnvOV6pbkyTZx3rRoxlVxLxgqBI6wcPmhZb2oFQyncSfZWfS5MJa11g3JEhtsAgPZiveywAe07Ug+/Xj1HfMpMm0TkmtkfEefoXDQpWPT0JzZ6DqqaFtetNSIi53Ykfv+EYxoO4d0814qzf5vBXIjfJHepO7CFol9zjdd0zQVATUIpTYkkReoLkxxsduI3+Uih0eSWrUtYVbkKeZPE5nu17xcgLxjCMY20/khpYKKRATaFdpwMPuUUelBezAH5YSOgB root@ubuntu-xenial
-----END SSH HOST KEY KEYS-----
[   26.735188] cloud-init[1842]: Cloud-init v. 18.3-9-g2e62cb8a-0ubuntu1~16.04.2 running 'modules:final' at Mon, 29 Oct 2018 14:42:59 +0000. Up 26.43 seconds.
[   26.735537] cloud-init[1842]: ci-info: no authorized ssh keys fingerprints found for user ubuntu.
[   26.735762] cloud-init[1842]: Cloud-init v. 18.3-9-g2e62cb8a-0ubuntu1~16.04.2 finished at Mon, 29 Oct 2018 14:42:59 +0000. Datasource DataSourceNoCloud [seed=/dev/sdb][dsmode=net].  Up 26.72 seconds

Ubuntu 16.04.5 LTS ubuntu-xenial ttyS0

ubuntu-xenial login: 